<html>
<head>
<title>TestNG:  Default test</title>
<link href="../testng.css" rel="stylesheet" type="text/css" />
<link href="../my-testng.css" rel="stylesheet" type="text/css" />

<style type="text/css">
.log { display: none;} 
.stack-trace { display: none;} 
</style>
<script type="text/javascript">
<!--
function flip(e) {
  current = e.style.display;
  if (current == 'block') {
    e.style.display = 'none';
    return 0;
  }
  else {
    e.style.display = 'block';
    return 1;
  }
}

function toggleBox(szDivId, elem, msg1, msg2)
{
  var res = -1;  if (document.getElementById) {
    res = flip(document.getElementById(szDivId));
  }
  else if (document.all) {
    // this is the way old msie versions work
    res = flip(document.all[szDivId]);
  }
  if(elem) {
    if(res == 0) elem.innerHTML = msg1; else elem.innerHTML = msg2;
  }

}

function toggleAllBoxes() {
  if (document.getElementsByTagName) {
    d = document.getElementsByTagName('div');
    for (i = 0; i < d.length; i++) {
      if (d[i].className == 'log') {
        flip(d[i]);
      }
    }
  }
}

// -->
</script>

</head>
<body>
<h2 align='center'>Default test</h2><table border='1' align="center">
<tr>
<td>Tests passed/Failed/Skipped:</td><td>2/2/0</td>
</tr><tr>
<td>Started on:</td><td>Wed Jun 07 19:04:33 IST 2023</td>
</tr>
<tr><td>Total time:</td><td>14 seconds (14129 ms)</td>
</tr><tr>
<td>Included groups:</td><td></td>
</tr><tr>
<td>Excluded groups:</td><td></td>
</tr>
</table><p/>
<small><i>(Hover the method name to see the test class name)</i></small><p/>
<table width='100%' border='1' class='invocation-failed'>
<tr><td colspan='4' align='center'><b>FAILED TESTS</b></td></tr>
<tr><td><b>Test method</b></td>
<td width="30%"><b>Exception</b></td>
<td width="10%"><b>Time (seconds)</b></td>
<td><b>Instance</b></td>
</tr>
<tr>
<td title='com.unifiedframework.api.runner.API_Runner.runScenario()'><b>runScenario</b><br>Test class: com.unifiedframework.api.runner.API_Runner<br>Test method: Runs Cucumber Scenarios<br>Parameters: "Verify Update Users api", "Optional[Put Users api, update existing users]"</td>
<td><div><pre>java.lang.AssertionError: expected [200] but found [405]
	at org.testng.Assert.fail(Assert.java:99)
	at org.testng.Assert.failNotEquals(Assert.java:1037)
	at org.testng.Assert.assertEqualsImpl(Assert.java:140)
	at org.testng.Assert.assertEquals(Assert.java:122)
	at org.testng.Assert.assertEquals(Assert.java:907)
	at org.testng.Assert.assertEquals(Assert.java:917)
	at com.unifiedframework.api.stepdefinitions.APISteps.a_success_response_is_received(APISteps.java:192)
	at ✽.a success response is received(file:///D:/Selenium/Eclipse20-23/UnifiedFramework/src/test/java/com/unifiedframework/api/features/UpdateUser.feature:7)
</pre></div><a href='#' onClick='toggleBox("stack-trace1567441485", this, "Click to show all stack frames", "Click to hide stack frames")'>Click to show all stack frames</a>
<div class='stack-trace' id='stack-trace1567441485'><pre>java.lang.AssertionError: expected [200] but found [405]
	at org.testng.Assert.fail(Assert.java:99)
	at org.testng.Assert.failNotEquals(Assert.java:1037)
	at org.testng.Assert.assertEqualsImpl(Assert.java:140)
	at org.testng.Assert.assertEquals(Assert.java:122)
	at org.testng.Assert.assertEquals(Assert.java:907)
	at org.testng.Assert.assertEquals(Assert.java:917)
	at com.unifiedframework.api.stepdefinitions.APISteps.a_success_response_is_received(APISteps.java:192)
	at ✽.a success response is received(file:///D:/Selenium/Eclipse20-23/UnifiedFramework/src/test/java/com/unifiedframework/api/features/UpdateUser.feature:7)
</pre></div></td>
<td>1</td>
<td>com.unifiedframework.api.runner.API_Runner@402c4085</td></tr>
<tr>
<td title='com.unifiedframework.api.runner.API_Runner.runScenario()'><b>runScenario</b><br>Test class: com.unifiedframework.api.runner.API_Runner<br>Test method: Runs Cucumber Scenarios<br>Parameters: "Verify Delete Users api", "Optional[Delete Users api, delete existing users]"</td>
<td><div><pre>java.lang.AssertionError: expected [200] but found [405]
	at org.testng.Assert.fail(Assert.java:99)
	at org.testng.Assert.failNotEquals(Assert.java:1037)
	at org.testng.Assert.assertEqualsImpl(Assert.java:140)
	at org.testng.Assert.assertEquals(Assert.java:122)
	at org.testng.Assert.assertEquals(Assert.java:907)
	at org.testng.Assert.assertEquals(Assert.java:917)
	at com.unifiedframework.api.stepdefinitions.APISteps.a_success_response_is_received(APISteps.java:192)
	at ✽.a success response is received(file:///D:/Selenium/Eclipse20-23/UnifiedFramework/src/test/java/com/unifiedframework/api/features/DeleteUser.feature:7)
</pre></div><a href='#' onClick='toggleBox("stack-trace2035743034", this, "Click to show all stack frames", "Click to hide stack frames")'>Click to show all stack frames</a>
<div class='stack-trace' id='stack-trace2035743034'><pre>java.lang.AssertionError: expected [200] but found [405]
	at org.testng.Assert.fail(Assert.java:99)
	at org.testng.Assert.failNotEquals(Assert.java:1037)
	at org.testng.Assert.assertEqualsImpl(Assert.java:140)
	at org.testng.Assert.assertEquals(Assert.java:122)
	at org.testng.Assert.assertEquals(Assert.java:907)
	at org.testng.Assert.assertEquals(Assert.java:917)
	at com.unifiedframework.api.stepdefinitions.APISteps.a_success_response_is_received(APISteps.java:192)
	at ✽.a success response is received(file:///D:/Selenium/Eclipse20-23/UnifiedFramework/src/test/java/com/unifiedframework/api/features/DeleteUser.feature:7)
</pre></div></td>
<td>5</td>
<td>com.unifiedframework.api.runner.API_Runner@402c4085</td></tr>
</table><p>
<table width='100%' border='1' class='invocation-passed'>
<tr><td colspan='4' align='center'><b>PASSED TESTS</b></td></tr>
<tr><td><b>Test method</b></td>
<td width="30%"><b>Exception</b></td>
<td width="10%"><b>Time (seconds)</b></td>
<td><b>Instance</b></td>
</tr>
<tr>
<td title='com.unifiedframework.api.runner.API_Runner.runScenario()'><b>runScenario</b><br>Test class: com.unifiedframework.api.runner.API_Runner<br>Test method: Runs Cucumber Scenarios<br>Parameters: "Verify create Users api", "Optional[Post Users api, create users]"</td>
<td></td>
<td>0</td>
<td>com.unifiedframework.api.runner.API_Runner@402c4085</td></tr>
<tr>
<td title='com.unifiedframework.api.runner.API_Runner.runScenario()'><b>runScenario</b><br>Test class: com.unifiedframework.api.runner.API_Runner<br>Test method: Runs Cucumber Scenarios<br>Parameters: "Verify Get Users api", "Optional[Get Users api, list all activities]"</td>
<td></td>
<td>1</td>
<td>com.unifiedframework.api.runner.API_Runner@402c4085</td></tr>
</table><p>
</body>
</html>