<?xml version="1.0" encoding="UTF-8"?>
<testng-results ignored="0" total="4" passed="2" failed="2" skipped="0">
  <reporter-output>
  </reporter-output>
  <suite started-at="2023-06-07T19:04:33 IST" name="Default suite" finished-at="2023-06-07T19:04:47 IST" duration-ms="14129">
    <groups>
      <group name="cucumber">
        <method signature="AbstractTestNGCucumberTests.runScenario(io.cucumber.testng.PickleWrapper,io.cucumber.testng.FeatureWrapper)[pri:0, instance:com.unifiedframework.api.runner.API_Runner@402c4085]" name="runScenario" class="io.cucumber.testng.AbstractTestNGCucumberTests"/>
      </group> <!-- cucumber -->
    </groups>
    <test started-at="2023-06-07T19:04:33 IST" name="Default test" finished-at="2023-06-07T19:04:47 IST" duration-ms="14129">
      <class name="com.unifiedframework.api.runner.API_Runner">
        <test-method is-config="true" signature="setUpClass(org.testng.ITestContext)[pri:0, instance:com.unifiedframework.api.runner.API_Runner@402c4085]" started-at="2023-06-07T19:04:33 IST" name="setUpClass" finished-at="2023-06-07T19:04:34 IST" duration-ms="955" status="PASS">
          <params>
            <param index="0">
              <value>
                <![CDATA[org.testng.TestRunner@31e5d408]]>
              </value>
            </param>
          </params>
          <reporter-output>
          </reporter-output>
        </test-method> <!-- setUpClass -->
        <test-method signature="runScenario(io.cucumber.testng.PickleWrapper,io.cucumber.testng.FeatureWrapper)[pri:0, instance:com.unifiedframework.api.runner.API_Runner@402c4085]" started-at="2023-06-07T19:04:34 IST" name="runScenario" description="Runs Cucumber Scenarios" data-provider="scenarios" finished-at="2023-06-07T19:04:40 IST" duration-ms="5568" status="FAIL">
          <params>
            <param index="0">
              <value>
                <![CDATA["Verify Delete Users api"]]>
              </value>
            </param>
            <param index="1">
              <value>
                <![CDATA["Optional[Delete Users api, delete existing users]"]]>
              </value>
            </param>
          </params>
          <exception class="java.lang.AssertionError">
            <message>
              <![CDATA[expected [200] but found [405]]]>
            </message>
            <full-stacktrace>
              <![CDATA[java.lang.AssertionError: expected [200] but found [405]
at org.testng.Assert.fail(Assert.java:99)
at org.testng.Assert.failNotEquals(Assert.java:1037)
at org.testng.Assert.assertEqualsImpl(Assert.java:140)
at org.testng.Assert.assertEquals(Assert.java:122)
at org.testng.Assert.assertEquals(Assert.java:907)
at org.testng.Assert.assertEquals(Assert.java:917)
at com.unifiedframework.api.stepdefinitions.APISteps.a_success_response_is_received(APISteps.java:192)
at ✽.a success response is received(file:///D:/Selenium/Eclipse20-23/UnifiedFramework/src/test/java/com/unifiedframework/api/features/DeleteUser.feature:7)
]]>
            </full-stacktrace>
          </exception> <!-- java.lang.AssertionError -->
          <reporter-output>
          </reporter-output>
        </test-method> <!-- runScenario -->
        <test-method signature="runScenario(io.cucumber.testng.PickleWrapper,io.cucumber.testng.FeatureWrapper)[pri:0, instance:com.unifiedframework.api.runner.API_Runner@402c4085]" started-at="2023-06-07T19:04:40 IST" name="runScenario" description="Runs Cucumber Scenarios" data-provider="scenarios" finished-at="2023-06-07T19:04:41 IST" duration-ms="1675" status="PASS">
          <params>
            <param index="0">
              <value>
                <![CDATA["Verify Get Users api"]]>
              </value>
            </param>
            <param index="1">
              <value>
                <![CDATA["Optional[Get Users api, list all activities]"]]>
              </value>
            </param>
          </params>
          <reporter-output>
          </reporter-output>
        </test-method> <!-- runScenario -->
        <test-method signature="runScenario(io.cucumber.testng.PickleWrapper,io.cucumber.testng.FeatureWrapper)[pri:0, instance:com.unifiedframework.api.runner.API_Runner@402c4085]" started-at="2023-06-07T19:04:41 IST" name="runScenario" description="Runs Cucumber Scenarios" data-provider="scenarios" finished-at="2023-06-07T19:04:42 IST" duration-ms="704" status="PASS">
          <params>
            <param index="0">
              <value>
                <![CDATA["Verify create Users api"]]>
              </value>
            </param>
            <param index="1">
              <value>
                <![CDATA["Optional[Post Users api, create users]"]]>
              </value>
            </param>
          </params>
          <reporter-output>
          </reporter-output>
        </test-method> <!-- runScenario -->
        <test-method signature="runScenario(io.cucumber.testng.PickleWrapper,io.cucumber.testng.FeatureWrapper)[pri:0, instance:com.unifiedframework.api.runner.API_Runner@402c4085]" started-at="2023-06-07T19:04:42 IST" name="runScenario" description="Runs Cucumber Scenarios" data-provider="scenarios" finished-at="2023-06-07T19:04:43 IST" duration-ms="1009" status="FAIL">
          <params>
            <param index="0">
              <value>
                <![CDATA["Verify Update Users api"]]>
              </value>
            </param>
            <param index="1">
              <value>
                <![CDATA["Optional[Put Users api, update existing users]"]]>
              </value>
            </param>
          </params>
          <exception class="java.lang.AssertionError">
            <message>
              <![CDATA[expected [200] but found [405]]]>
            </message>
            <full-stacktrace>
              <![CDATA[java.lang.AssertionError: expected [200] but found [405]
at org.testng.Assert.fail(Assert.java:99)
at org.testng.Assert.failNotEquals(Assert.java:1037)
at org.testng.Assert.assertEqualsImpl(Assert.java:140)
at org.testng.Assert.assertEquals(Assert.java:122)
at org.testng.Assert.assertEquals(Assert.java:907)
at org.testng.Assert.assertEquals(Assert.java:917)
at com.unifiedframework.api.stepdefinitions.APISteps.a_success_response_is_received(APISteps.java:192)
at ✽.a success response is received(file:///D:/Selenium/Eclipse20-23/UnifiedFramework/src/test/java/com/unifiedframework/api/features/UpdateUser.feature:7)
]]>
            </full-stacktrace>
          </exception> <!-- java.lang.AssertionError -->
          <reporter-output>
          </reporter-output>
        </test-method> <!-- runScenario -->
        <test-method is-config="true" signature="tearDownClass()[pri:0, instance:com.unifiedframework.api.runner.API_Runner@402c4085]" started-at="2023-06-07T19:04:43 IST" name="tearDownClass" finished-at="2023-06-07T19:04:47 IST" duration-ms="4149" status="PASS">
          <reporter-output>
          </reporter-output>
        </test-method> <!-- tearDownClass -->
        <test-method is-config="true" signature="teardown()[pri:0, instance:com.unifiedframework.api.runner.API_Runner@402c4085]" started-at="2023-06-07T19:04:47 IST" name="teardown" finished-at="2023-06-07T19:04:49 IST" duration-ms="2131" status="PASS">
          <reporter-output>
          </reporter-output>
        </test-method> <!-- teardown -->
      </class> <!-- com.unifiedframework.api.runner.API_Runner -->
    </test> <!-- Default test -->
  </suite> <!-- Default suite -->
</testng-results>
